This is pdfTeX, Version 3.14159265-2.6-1.40.21 (TeX Live 2020) (preloaded format=pdflatex 2020.12.8)  29 JAN 2021 16:52
entering extended mode
 restricted \write18 enabled.
 %&-line parsing enabled.
**report.tex
(./report.tex
LaTeX2e <2020-02-02> patch level 5
L3 programming layer <2020-03-06>
(/usr/local/texlive/2020/texmf-dist/tex/latex/base/article.cls
Document Class: article 2019/12/20 v1.4l Standard LaTeX document class
(/usr/local/texlive/2020/texmf-dist/tex/latex/base/size12.clo
File: size12.clo 2019/12/20 v1.4l Standard LaTeX file (size option)
)
\c@part=\count167
\c@section=\count168
\c@subsection=\count169
\c@subsubsection=\count170
\c@paragraph=\count171
\c@subparagraph=\count172
\c@figure=\count173
\c@table=\count174
\abovecaptionskip=\skip47
\belowcaptionskip=\skip48
\bibindent=\dimen134
)
(/usr/local/texlive/2020/texmf-dist/tex/latex/graphics/graphicx.sty
Package: graphicx 2019/11/30 v1.2a Enhanced LaTeX Graphics (DPC,SPQR)

(/usr/local/texlive/2020/texmf-dist/tex/latex/graphics/keyval.sty
Package: keyval 2014/10/28 v1.15 key=value parser (DPC)
\KV@toks@=\toks15
)
(/usr/local/texlive/2020/texmf-dist/tex/latex/graphics/graphics.sty
Package: graphics 2019/11/30 v1.4a Standard LaTeX Graphics (DPC,SPQR)

(/usr/local/texlive/2020/texmf-dist/tex/latex/graphics/trig.sty
Package: trig 2016/01/03 v1.10 sin cos tan (DPC)
)
(/usr/local/texlive/2020/texmf-dist/tex/latex/graphics-cfg/graphics.cfg
File: graphics.cfg 2016/06/04 v1.11 sample graphics configuration
)
Package graphics Info: Driver file: pdftex.def on input line 105.

(/usr/local/texlive/2020/texmf-dist/tex/latex/graphics-def/pdftex.def
File: pdftex.def 2018/01/08 v1.0l Graphics/color driver for pdftex
))
\Gin@req@height=\dimen135
\Gin@req@width=\dimen136
)
(/usr/local/texlive/2020/texmf-dist/tex/latex/paralist/paralist.sty
Package: paralist 2017/01/22 v2.7 Extended list environments
\pltopsep=\skip49
\plpartopsep=\skip50
\plitemsep=\skip51
\plparsep=\skip52
\pl@lab=\toks16
)
(/usr/local/texlive/2020/texmf-dist/tex/latex/listings/listings.sty
\lst@mode=\count175
\lst@gtempboxa=\box45
\lst@token=\toks17
\lst@length=\count176
\lst@currlwidth=\dimen137
\lst@column=\count177
\lst@pos=\count178
\lst@lostspace=\dimen138
\lst@width=\dimen139
\lst@newlines=\count179
\lst@lineno=\count180
\lst@maxwidth=\dimen140

(/usr/local/texlive/2020/texmf-dist/tex/latex/listings/lstmisc.sty
File: lstmisc.sty 2020/03/24 1.8d (Carsten Heinz)
\c@lstnumber=\count181
\lst@skipnumbers=\count182
\lst@framebox=\box46
)
(/usr/local/texlive/2020/texmf-dist/tex/latex/listings/listings.cfg
File: listings.cfg 2020/03/24 1.8d listings configuration
))
Package: listings 2020/03/24 1.8d (Carsten Heinz)

(/usr/local/texlive/2020/texmf-dist/tex/latex/booktabs/booktabs.sty
Package: booktabs 2020/01/12 v1.61803398 Publication quality tables
\heavyrulewidth=\dimen141
\lightrulewidth=\dimen142
\cmidrulewidth=\dimen143
\belowrulesep=\dimen144
\belowbottomsep=\dimen145
\aboverulesep=\dimen146
\abovetopsep=\dimen147
\cmidrulesep=\dimen148
\cmidrulekern=\dimen149
\defaultaddspace=\dimen150
\@cmidla=\count183
\@cmidlb=\count184
\@aboverulesep=\dimen151
\@belowrulesep=\dimen152
\@thisruleclass=\count185
\@lastruleclass=\count186
\@thisrulewidth=\dimen153
)
(/usr/local/texlive/2020/texmf-dist/tex/latex/hyperref/hyperref.sty
Package: hyperref 2020/01/14 v7.00d Hypertext links for LaTeX

(/usr/local/texlive/2020/texmf-dist/tex/generic/ltxcmds/ltxcmds.sty
Package: ltxcmds 2019/12/15 v1.24 LaTeX kernel commands for general use (HO)
)
(/usr/local/texlive/2020/texmf-dist/tex/generic/iftex/iftex.sty
Package: iftex 2020/03/06 v1.0d TeX engine tests
)
(/usr/local/texlive/2020/texmf-dist/tex/latex/pdftexcmds/pdftexcmds.sty
Package: pdftexcmds 2019/11/24 v0.31 Utility functions of pdfTeX for LuaTeX (HO
)

(/usr/local/texlive/2020/texmf-dist/tex/generic/infwarerr/infwarerr.sty
Package: infwarerr 2019/12/03 v1.5 Providing info/warning/error messages (HO)
)
Package pdftexcmds Info: \pdf@primitive is available.
Package pdftexcmds Info: \pdf@ifprimitive is available.
Package pdftexcmds Info: \pdfdraftmode found.
)
(/usr/local/texlive/2020/texmf-dist/tex/generic/kvsetkeys/kvsetkeys.sty
Package: kvsetkeys 2019/12/15 v1.18 Key value parser (HO)
)
(/usr/local/texlive/2020/texmf-dist/tex/generic/kvdefinekeys/kvdefinekeys.sty
Package: kvdefinekeys 2019-12-19 v1.6 Define keys (HO)
)
(/usr/local/texlive/2020/texmf-dist/tex/generic/pdfescape/pdfescape.sty
Package: pdfescape 2019/12/09 v1.15 Implements pdfTeX's escape features (HO)
)
(/usr/local/texlive/2020/texmf-dist/tex/latex/hycolor/hycolor.sty
Package: hycolor 2020-01-27 v1.10 Color options for hyperref/bookmark (HO)
)
(/usr/local/texlive/2020/texmf-dist/tex/latex/letltxmacro/letltxmacro.sty
Package: letltxmacro 2019/12/03 v1.6 Let assignment for LaTeX macros (HO)
)
(/usr/local/texlive/2020/texmf-dist/tex/latex/auxhook/auxhook.sty
Package: auxhook 2019-12-17 v1.6 Hooks for auxiliary files (HO)
)
(/usr/local/texlive/2020/texmf-dist/tex/latex/kvoptions/kvoptions.sty
Package: kvoptions 2019/11/29 v3.13 Key value format for package options (HO)
)
\@linkdim=\dimen154
\Hy@linkcounter=\count187
\Hy@pagecounter=\count188

(/usr/local/texlive/2020/texmf-dist/tex/latex/hyperref/pd1enc.def
File: pd1enc.def 2020/01/14 v7.00d Hyperref: PDFDocEncoding definition (HO)
Now handling font encoding PD1 ...
... no UTF-8 mapping file for font encoding PD1
)
(/usr/local/texlive/2020/texmf-dist/tex/generic/intcalc/intcalc.sty
Package: intcalc 2019/12/15 v1.3 Expandable calculations with integers (HO)
)
(/usr/local/texlive/2020/texmf-dist/tex/generic/etexcmds/etexcmds.sty
Package: etexcmds 2019/12/15 v1.7 Avoid name clashes with e-TeX commands (HO)
)
\Hy@SavedSpaceFactor=\count189
Package hyperref Info: Hyper figures OFF on input line 4547.
Package hyperref Info: Link nesting OFF on input line 4552.
Package hyperref Info: Hyper index ON on input line 4555.
Package hyperref Info: Plain pages OFF on input line 4562.
Package hyperref Info: Backreferencing OFF on input line 4567.
Package hyperref Info: Implicit mode ON; LaTeX internals redefined.
Package hyperref Info: Bookmarks ON on input line 4800.
\c@Hy@tempcnt=\count190

(/usr/local/texlive/2020/texmf-dist/tex/latex/url/url.sty
\Urlmuskip=\muskip16
Package: url 2013/09/16  ver 3.4  Verb mode for urls, etc.
)
LaTeX Info: Redefining \url on input line 5159.
\XeTeXLinkMargin=\dimen155

(/usr/local/texlive/2020/texmf-dist/tex/generic/bitset/bitset.sty
Package: bitset 2019/12/09 v1.3 Handle bit-vector datatype (HO)

(/usr/local/texlive/2020/texmf-dist/tex/generic/bigintcalc/bigintcalc.sty
Package: bigintcalc 2019/12/15 v1.5 Expandable calculations on big integers (HO
)
))
\Fld@menulength=\count191
\Field@Width=\dimen156
\Fld@charsize=\dimen157
Package hyperref Info: Hyper figures OFF on input line 6430.
Package hyperref Info: Link nesting OFF on input line 6435.
Package hyperref Info: Hyper index ON on input line 6438.
Package hyperref Info: backreferencing OFF on input line 6445.
Package hyperref Info: Link coloring OFF on input line 6450.
Package hyperref Info: Link coloring with OCG OFF on input line 6455.
Package hyperref Info: PDF/A mode OFF on input line 6460.
LaTeX Info: Redefining \ref on input line 6500.
LaTeX Info: Redefining \pageref on input line 6504.

(/usr/local/texlive/2020/texmf-dist/tex/generic/atbegshi/atbegshi.sty
Package: atbegshi 2019/12/05 v1.19 At begin shipout hook (HO)
)
\Hy@abspage=\count192
\c@Item=\count193
\c@Hfootnote=\count194
)
Package hyperref Info: Driver (autodetected): hpdftex.

(/usr/local/texlive/2020/texmf-dist/tex/latex/hyperref/hpdftex.def
File: hpdftex.def 2020/01/14 v7.00d Hyperref driver for pdfTeX

(/usr/local/texlive/2020/texmf-dist/tex/latex/atveryend/atveryend.sty
Package: atveryend 2019-12-11 v1.11 Hooks at the very end of document (HO)
Package atveryend Info: \enddocument detected (standard20110627).
)
\Fld@listcount=\count195
\c@bookmark@seq@number=\count196

(/usr/local/texlive/2020/texmf-dist/tex/latex/rerunfilecheck/rerunfilecheck.sty
Package: rerunfilecheck 2019/12/05 v1.9 Rerun checks for auxiliary files (HO)

(/usr/local/texlive/2020/texmf-dist/tex/generic/uniquecounter/uniquecounter.sty
Package: uniquecounter 2019/12/15 v1.4 Provide unlimited unique counter (HO)
)
Package uniquecounter Info: New unique counter `rerunfilecheck' on input line 2
86.
)
\Hy@SectionHShift=\skip53
)
\c@stepnum=\count197

(/usr/local/texlive/2020/texmf-dist/tex/latex/l3backend/l3backend-pdfmode.def
File: l3backend-pdfmode.def 2020-03-12 L3 backend support: PDF mode
\l__kernel_color_stack_int=\count198
\l__pdf_internal_box=\box47
)
(./report.aux

LaTeX Warning: Label `Figure: 4' multiply defined.

)
\openout1 = `report.aux'.

LaTeX Font Info:    Checking defaults for OML/cmm/m/it on input line 32.
LaTeX Font Info:    ... okay on input line 32.
LaTeX Font Info:    Checking defaults for OMS/cmsy/m/n on input line 32.
LaTeX Font Info:    ... okay on input line 32.
LaTeX Font Info:    Checking defaults for OT1/cmr/m/n on input line 32.
LaTeX Font Info:    ... okay on input line 32.
LaTeX Font Info:    Checking defaults for T1/cmr/m/n on input line 32.
LaTeX Font Info:    ... okay on input line 32.
LaTeX Font Info:    Checking defaults for TS1/cmr/m/n on input line 32.
LaTeX Font Info:    ... okay on input line 32.
LaTeX Font Info:    Checking defaults for OMX/cmex/m/n on input line 32.
LaTeX Font Info:    ... okay on input line 32.
LaTeX Font Info:    Checking defaults for U/cmr/m/n on input line 32.
LaTeX Font Info:    ... okay on input line 32.
LaTeX Font Info:    Checking defaults for PD1/pdf/m/n on input line 32.
LaTeX Font Info:    ... okay on input line 32.
 (/usr/local/texlive/2020/texmf-dist/tex/context/base/mkii/supp-pdf.mkii
[Loading MPS to PDF converter (version 2006.09.02).]
\scratchcounter=\count199
\scratchdimen=\dimen158
\scratchbox=\box48
\nofMPsegments=\count266
\nofMParguments=\count267
\everyMPshowfont=\toks18
\MPscratchCnt=\count268
\MPscratchDim=\dimen159
\MPnumerator=\count269
\makeMPintoPDFobject=\count270
\everyMPtoPDFconversion=\toks19
) (/usr/local/texlive/2020/texmf-dist/tex/latex/epstopdf-pkg/epstopdf-base.sty
Package: epstopdf-base 2020-01-24 v2.11 Base part for package epstopdf
Package epstopdf-base Info: Redefining graphics rule for `.eps' on input line 4
85.

(/usr/local/texlive/2020/texmf-dist/tex/latex/latexconfig/epstopdf-sys.cfg
File: epstopdf-sys.cfg 2010/07/13 v1.3 Configuration of (r)epstopdf for TeX Liv
e
))
\c@lstlisting=\count271
\AtBeginShipoutBox=\box49
Package hyperref Info: Link coloring OFF on input line 32.

(/usr/local/texlive/2020/texmf-dist/tex/latex/hyperref/nameref.sty
Package: nameref 2019/09/16 v2.46 Cross-referencing by name of section

(/usr/local/texlive/2020/texmf-dist/tex/latex/refcount/refcount.sty
Package: refcount 2019/12/15 v3.6 Data extraction from label references (HO)
)
(/usr/local/texlive/2020/texmf-dist/tex/generic/gettitlestring/gettitlestring.s
ty
Package: gettitlestring 2019/12/15 v1.6 Cleanup title references (HO)
)
\c@section@level=\count272
)
LaTeX Info: Redefining \ref on input line 32.
LaTeX Info: Redefining \pageref on input line 32.
LaTeX Info: Redefining \nameref on input line 32.
 (./report.out) (./report.out)
\@outlinefile=\write3
\openout3 = `report.out'.

LaTeX Font Info:    External font `cmex10' loaded for size
(Font)              <14.4> on input line 35.
LaTeX Font Info:    External font `cmex10' loaded for size
(Font)              <7> on input line 35.
LaTeX Font Info:    External font `cmex10' loaded for size
(Font)              <12> on input line 39.
LaTeX Font Info:    External font `cmex10' loaded for size
(Font)              <8> on input line 39.
LaTeX Font Info:    External font `cmex10' loaded for size
(Font)              <6> on input line 39.


Package hyperref Warning: Token not allowed in a PDF string (PDFDocEncoding):
(hyperref)                removing `math shift' on input line 40.

<fn_1.png, id=40, 373.395pt x 227.4096pt>
File: fn_1.png Graphic file (type png)
<use fn_1.png>
Package pdftex.def Info: fn_1.png  used on input line 45.
(pdftex.def)             Requested size: 273.16293pt x 166.36504pt.

LaTeX Warning: `!h' float specifier changed to `!ht'.

[1

{/usr/local/texlive/2020/texmf-var/fonts/map/pdftex/updmap/pdftex.map}]

Package hyperref Warning: Token not allowed in a PDF string (PDFDocEncoding):
(hyperref)                removing `math shift' on input line 52.

<gn_1.png, id=53, 365.2044pt x 211.5102pt>
File: gn_1.png Graphic file (type png)
<use gn_1.png>
Package pdftex.def Info: gn_1.png  used on input line 57.
(pdftex.def)             Requested size: 273.1559pt x 158.19978pt.
<gn_2.png, id=54, 368.0952pt x 221.628pt>
File: gn_2.png Graphic file (type png)
<use gn_2.png>
Package pdftex.def Info: gn_2.png  used on input line 65.
(pdftex.def)             Requested size: 273.14442pt x 164.45868pt.

LaTeX Warning: `!h' float specifier changed to `!ht'.

<gn_3.png, id=55, 369.0588pt x 224.5188pt>
File: gn_3.png Graphic file (type png)
<use gn_3.png>
Package pdftex.def Info: gn_3.png  used on input line 72.
(pdftex.def)             Requested size: 273.16681pt x 166.1824pt.

LaTeX Warning: `!h' float specifier changed to `!ht'.

[2 <./fn_1.png> <./gn_1.png>]

Package hyperref Warning: Token not allowed in a PDF string (PDFDocEncoding):
(hyperref)                removing `math shift' on input line 79.

<hn_1.png, id=65, 361.35pt x 216.3282pt>
File: hn_1.png Graphic file (type png)
<use hn_1.png>
Package pdftex.def Info: hn_1.png  used on input line 84.
(pdftex.def)             Requested size: 273.15117pt x 163.52649pt.

LaTeX Warning: `!h' float specifier changed to `!ht'.

[3 <./gn_2.png> <./gn_3.png>]
<hn_2.png, id=74, 357.0138pt x 193.6836pt>
File: hn_2.png Graphic file (type png)
<use hn_2.png>
Package pdftex.def Info: hn_2.png  used on input line 93.
(pdftex.def)             Requested size: 273.15823pt x 148.19109pt.
 [4 <./hn_1.png> <./hn_2.png>]
(/usr/local/texlive/2020/texmf-dist/tex/latex/listings/lstlang1.sty
File: lstlang1.sty 2020/03/24 1.8d listings language file
)
Overfull \hbox (1.19235pt too wide) in paragraph at lines 106--112
\OT1/cmr/m/n/12 To test the [][]\OT1/cmtt/m/n/12 copy() []\OT1/cmr/m/n/12 metho
d, first we de-fine a [][]\OT1/cmtt/m/n/12 create_random_list(n, upper) []\OT1/
cmr/m/n/12 method
 []


Underfull \hbox (badness 10000) in paragraph at lines 106--112

 []


Underfull \hbox (badness 10000) in paragraph at lines 106--112

 []

LaTeX Font Info:    Font shape `OT1/cmtt/bx/n' in size <10.95> not available
(Font)              Font shape `OT1/cmtt/m/n' tried instead on input line 113.
[5]
<figure_1.png, id=107, 390.45876pt x 279.0425pt>
File: figure_1.png Graphic file (type png)
<use figure_1.png>
Package pdftex.def Info: figure_1.png  used on input line 157.
(pdftex.def)             Requested size: 273.15839pt x 195.21344pt.


LaTeX Warning: `!h' float specifier changed to `!ht'.

[6]
<picture/copy.png, id=134, 455.739pt x 285.138pt>
File: picture/copy.png Graphic file (type png)
<use picture/copy.png>
Package pdftex.def Info: picture/copy.png  used on input line 167.
(pdftex.def)             Requested size: 273.16039pt x 170.90573pt.
<shallow_copy.jpg, id=135, 770.88pt x 433.62pt>
File: shallow_copy.jpg Graphic file (type jpg)
<use shallow_copy.jpg>
Package pdftex.def Info: shallow_copy.jpg  used on input line 178.
(pdftex.def)             Requested size: 273.14088pt x 153.64174pt.
 [7 <./figure_1.png> <./picture/copy.png>] [8 <./shallow_copy.jpg>]
<figure_2.png, id=163, 377.41pt x 279.0425pt>
File: figure_2.png Graphic file (type png)
<use figure_2.png>
Package pdftex.def Info: figure_2.png  used on input line 211.
(pdftex.def)             Requested size: 273.14589pt x 201.95361pt.
 [9 <./figure_2.png>]
<figure_3.png, id=185, 387.4475pt x 279.0425pt>
File: figure_3.png Graphic file (type png)
<use figure_3.png>
Package pdftex.def Info: figure_3.png  used on input line 248.
(pdftex.def)             Requested size: 273.15051pt x 196.72498pt.
<picture/lookups.png, id=186, 455.958pt x 285.138pt>
File: picture/lookups.png Graphic file (type png)
<use picture/lookups.png>
Package pdftex.def Info: picture/lookups.png  used on input line 257.
(pdftex.def)             Requested size: 273.15945pt x 170.82306pt.


LaTeX Warning: `!h' float specifier changed to `!ht'.

[10 <./figure_3.png>]
Underfull \hbox (badness 10000) in paragraph at lines 262--265

 []

[11 <./picture/lookups.png>]
Underfull \hbox (badness 10000) in paragraph at lines 300--302

 []

<figure_4.png, id=219, 406.51875pt x 279.0425pt>
File: figure_4.png Graphic file (type png)
<use figure_4.png>
Package pdftex.def Info: figure_4.png  used on input line 305.
(pdftex.def)             Requested size: 273.16011pt x 187.5025pt.

LaTeX Warning: `!h' float specifier changed to `!ht'.

<picture/append0.png, id=220, 455.958pt x 285.138pt>
File: picture/append0.png Graphic file (type png)
<use picture/append0.png>
Package pdftex.def Info: picture/append0.png  used on input line 312.
(pdftex.def)             Requested size: 273.15945pt x 170.82306pt.

LaTeX Warning: `!h' float specifier changed to `!ht'.

[12]
Overfull \hbox (17.0396pt too wide) in paragraph at lines 317--318
\OT1/cmr/m/n/12 demon-strates our pre-dic-tion that the time com-plex-ity of []
[]\OT1/cmtt/m/n/12 append()[]\OT1/cmr/m/n/12 , i.e. [][]\OT1/cmtt/m/n/12 list1.
append(a)
 []

[13 <./figure_4.png> <./picture/append0.png>]
Underfull \hbox (badness 10000) in paragraph at lines 332--336

 []


Underfull \hbox (badness 10000) in paragraph at lines 361--364

 []


Underfull \hbox (badness 10000) in paragraph at lines 361--364

 []

[14]
<figure_5.png, id=289, 387.4475pt x 279.0425pt>
File: figure_5.png Graphic file (type png)
<use figure_5.png>
Package pdftex.def Info: figure_5.png  used on input line 367.
(pdftex.def)             Requested size: 273.15051pt x 196.72498pt.
<picture/append1.png, id=290, 455.958pt x 285.138pt>
File: picture/append1.png Graphic file (type png)
<use picture/append1.png>
Package pdftex.def Info: picture/append1.png  used on input line 374.
(pdftex.def)             Requested size: 273.15945pt x 170.82306pt.


LaTeX Warning: `!h' float specifier changed to `!ht'.

[15 <./figure_5.png>]
Underfull \hbox (badness 10000) in paragraph at lines 379--383

 []

[16 <./picture/append1.png>]
<figure_6.png, id=322, 394.47375pt x 279.0425pt>
File: figure_6.png Graphic file (type png)
<use figure_6.png>
Package pdftex.def Info: figure_6.png  used on input line 433.
(pdftex.def)             Requested size: 227.62119pt x 161.01448pt.
<figure_7.png, id=323, 384.43625pt x 279.0425pt>
File: figure_7.png Graphic file (type png)
<use figure_7.png>
Package pdftex.def Info: figure_7.png  used on input line 439.
(pdftex.def)             Requested size: 227.62492pt x 165.22122pt.


LaTeX Warning: `!h' float specifier changed to `!ht'.


LaTeX Warning: `!h' float specifier changed to `!ht'.

[17] [18 <./figure_6.png> <./figure_7.png>] (./source_code.py [19] [20])
Package atveryend Info: Empty hook `BeforeClearDocument' on input line 454.

[21]
Package atveryend Info: Empty hook `AfterLastShipout' on input line 454.
 (./report.aux)
Package atveryend Info: Executing hook `AtVeryEndDocument' on input line 454.
Package atveryend Info: Executing hook `AtEndAfterFileList' on input line 454.
Package rerunfilecheck Info: File `report.out' has not changed.
(rerunfilecheck)             Checksum: E881C4DBD5F4C7EB170E2E6106624FFC;533.


LaTeX Warning: There were multiply-defined labels.

Package atveryend Info: Empty hook `AtVeryVeryEnd' on input line 454.
 ) 
Here is how much of TeX's memory you used:
 7743 strings out of 480608
 114780 string characters out of 5903630
 638212 words of memory out of 5000000
 23096 multiletter control sequences out of 15000+600000
 539860 words of font info for 50 fonts, out of 8000000 for 9000
 1141 hyphenation exceptions out of 8191
 34i,6n,40p,669b,2121s stack positions out of 5000i,500n,10000p,200000b,80000s
{/usr/local/texlive/2020/texmf-dist/fonts/enc/dvips/cm-super/cm-super-ts1.enc
}</usr/local/texlive/2020/texmf-dist/fonts/type1/public/amsfonts/cm/cmbx12.pfb>
</usr/local/texlive/2020/texmf-dist/fonts/type1/public/amsfonts/cm/cmbx6.pfb></
usr/local/texlive/2020/texmf-dist/fonts/type1/public/amsfonts/cm/cmitt10.pfb></
usr/local/texlive/2020/texmf-dist/fonts/type1/public/amsfonts/cm/cmmi12.pfb></u
sr/local/texlive/2020/texmf-dist/fonts/type1/public/amsfonts/cm/cmr12.pfb></usr
/local/texlive/2020/texmf-dist/fonts/type1/public/amsfonts/cm/cmr17.pfb></usr/l
ocal/texlive/2020/texmf-dist/fonts/type1/public/amsfonts/cm/cmr6.pfb></usr/loca
l/texlive/2020/texmf-dist/fonts/type1/public/amsfonts/cm/cmr8.pfb></usr/local/t
exlive/2020/texmf-dist/fonts/type1/public/amsfonts/cm/cmsy10.pfb></usr/local/te
xlive/2020/texmf-dist/fonts/type1/public/amsfonts/cm/cmti7.pfb></usr/local/texl
ive/2020/texmf-dist/fonts/type1/public/amsfonts/cm/cmtt10.pfb></usr/local/texli
ve/2020/texmf-dist/fonts/type1/public/amsfonts/cm/cmtt12.pfb></usr/local/texliv
e/2020/texmf-dist/fonts/type1/public/cm-super/sfrm0600.pfb></usr/local/texlive/
2020/texmf-dist/fonts/type1/public/cm-super/sfti0600.pfb>
Output written on report.pdf (21 pages, 796954 bytes).
PDF statistics:
 706 PDF objects out of 1000 (max. 8388607)
 627 compressed objects within 7 object streams
 418 named destinations out of 1000 (max. 500000)
 163 words of extra memory for PDF output out of 10000 (max. 10000000)

